<?xml version="1.0" encoding="UTF-8"?>
<testsuite xmlns:xsi="http://www.w3.org/2001/XMLSchema-instance" xsi:noNamespaceSchemaLocation="https://maven.apache.org/surefire/maven-surefire-plugin/xsd/surefire-test-report.xsd" name="com.lee.AppTest" time="0.029" tests="1" errors="0" skipped="0" failures="0">
  <properties>
    <property name="awt.toolkit" value="sun.awt.X11.XToolkit"/>
    <property name="file.encoding.pkg" value="sun.io"/>
    <property name="java.specification.version" value="1.8"/>
    <property name="sun.cpu.isalist" value=""/>
    <property name="sun.jnu.encoding" value="UTF-8"/>
    <property name="java.class.path" value="/home/hadoop/ch-jdbc/target/test-classes:/home/hadoop/ch-jdbc/target/classes:/home/hadoop/.m2/repository/junit/junit/4.11/junit-4.11.jar:/home/hadoop/.m2/repository/org/hamcrest/hamcrest-core/1.3/hamcrest-core-1.3.jar:/home/hadoop/.m2/repository/ru/yandex/clickhouse/clickhouse-jdbc/0.2.4/clickhouse-jdbc-0.2.4.jar:/home/hadoop/.m2/repository/org/apache/httpcomponents/httpclient/4.5.2/httpclient-4.5.2.jar:/home/hadoop/.m2/repository/org/apache/httpcomponents/httpcore/4.4.4/httpcore-4.4.4.jar:/home/hadoop/.m2/repository/commons-logging/commons-logging/1.2/commons-logging-1.2.jar:/home/hadoop/.m2/repository/commons-codec/commons-codec/1.9/commons-codec-1.9.jar:/home/hadoop/.m2/repository/org/apache/httpcomponents/httpmime/4.5.2/httpmime-4.5.2.jar:/home/hadoop/.m2/repository/net/jpountz/lz4/lz4/1.3.0/lz4-1.3.0.jar:/home/hadoop/.m2/repository/com/fasterxml/jackson/core/jackson-databind/2.7.3/jackson-databind-2.7.3.jar:/home/hadoop/.m2/repository/com/fasterxml/jackson/core/jackson-annotations/2.7.0/jackson-annotations-2.7.0.jar:/home/hadoop/.m2/repository/com/fasterxml/jackson/core/jackson-core/2.7.3/jackson-core-2.7.3.jar:/home/hadoop/.m2/repository/com/google/guava/guava/19.0/guava-19.0.jar:/home/hadoop/.m2/repository/org/slf4j/slf4j-api/1.7.21/slf4j-api-1.7.21.jar:/home/hadoop/.m2/repository/javax/xml/bind/jaxb-api/2.3.0/jaxb-api-2.3.0.jar:/home/hadoop/.m2/repository/org/apache/logging/log4j/log4j-slf4j-impl/2.11.0/log4j-slf4j-impl-2.11.0.jar:/home/hadoop/.m2/repository/org/apache/logging/log4j/log4j-api/2.11.0/log4j-api-2.11.0.jar:/home/hadoop/.m2/repository/org/apache/logging/log4j/log4j-core/2.11.0/log4j-core-2.11.0.jar:"/>
    <property name="java.vm.vendor" value="Amazon.com Inc."/>
    <property name="sun.arch.data.model" value="64"/>
    <property name="java.vendor.url" value="https://aws.amazon.com/corretto/"/>
    <property name="user.timezone" value=""/>
    <property name="java.vm.specification.version" value="1.8"/>
    <property name="os.name" value="Linux"/>
    <property name="user.country" value="CA"/>
    <property name="sun.java.launcher" value="SUN_STANDARD"/>
    <property name="sun.boot.library.path" value="/usr/lib/jvm/java-1.8.0-amazon-corretto.x86_64/jre/lib/amd64"/>
    <property name="sun.java.command" value="/home/hadoop/ch-jdbc/target/surefire/surefirebooter4927030992032155975.jar /home/hadoop/ch-jdbc/target/surefire 2021-01-12T16-28-02_557-jvmRun1 surefire4013798493698015315tmp surefire_01335061778815934005tmp"/>
    <property name="surefire.test.class.path" value="/home/hadoop/ch-jdbc/target/test-classes:/home/hadoop/ch-jdbc/target/classes:/home/hadoop/.m2/repository/junit/junit/4.11/junit-4.11.jar:/home/hadoop/.m2/repository/org/hamcrest/hamcrest-core/1.3/hamcrest-core-1.3.jar:/home/hadoop/.m2/repository/ru/yandex/clickhouse/clickhouse-jdbc/0.2.4/clickhouse-jdbc-0.2.4.jar:/home/hadoop/.m2/repository/org/apache/httpcomponents/httpclient/4.5.2/httpclient-4.5.2.jar:/home/hadoop/.m2/repository/org/apache/httpcomponents/httpcore/4.4.4/httpcore-4.4.4.jar:/home/hadoop/.m2/repository/commons-logging/commons-logging/1.2/commons-logging-1.2.jar:/home/hadoop/.m2/repository/commons-codec/commons-codec/1.9/commons-codec-1.9.jar:/home/hadoop/.m2/repository/org/apache/httpcomponents/httpmime/4.5.2/httpmime-4.5.2.jar:/home/hadoop/.m2/repository/net/jpountz/lz4/lz4/1.3.0/lz4-1.3.0.jar:/home/hadoop/.m2/repository/com/fasterxml/jackson/core/jackson-databind/2.7.3/jackson-databind-2.7.3.jar:/home/hadoop/.m2/repository/com/fasterxml/jackson/core/jackson-annotations/2.7.0/jackson-annotations-2.7.0.jar:/home/hadoop/.m2/repository/com/fasterxml/jackson/core/jackson-core/2.7.3/jackson-core-2.7.3.jar:/home/hadoop/.m2/repository/com/google/guava/guava/19.0/guava-19.0.jar:/home/hadoop/.m2/repository/org/slf4j/slf4j-api/1.7.21/slf4j-api-1.7.21.jar:/home/hadoop/.m2/repository/javax/xml/bind/jaxb-api/2.3.0/jaxb-api-2.3.0.jar:/home/hadoop/.m2/repository/org/apache/logging/log4j/log4j-slf4j-impl/2.11.0/log4j-slf4j-impl-2.11.0.jar:/home/hadoop/.m2/repository/org/apache/logging/log4j/log4j-api/2.11.0/log4j-api-2.11.0.jar:/home/hadoop/.m2/repository/org/apache/logging/log4j/log4j-core/2.11.0/log4j-core-2.11.0.jar:"/>
    <property name="sun.cpu.endian" value="little"/>
    <property name="user.home" value="/home/hadoop"/>
    <property name="user.language" value="en"/>
    <property name="java.specification.vendor" value="Oracle Corporation"/>
    <property name="java.home" value="/usr/lib/jvm/java-1.8.0-amazon-corretto.x86_64/jre"/>
    <property name="basedir" value="/home/hadoop/ch-jdbc"/>
    <property name="file.separator" value="/"/>
    <property name="line.separator" value="&#10;"/>
    <property name="java.vm.specification.vendor" value="Oracle Corporation"/>
    <property name="java.specification.name" value="Java Platform API Specification"/>
    <property name="java.awt.graphicsenv" value="sun.awt.X11GraphicsEnvironment"/>
    <property name="surefire.real.class.path" value="/home/hadoop/ch-jdbc/target/surefire/surefirebooter4927030992032155975.jar"/>
    <property name="sun.boot.class.path" value="/usr/lib/jvm/java-1.8.0-amazon-corretto.x86_64/jre/lib/resources.jar:/usr/lib/jvm/java-1.8.0-amazon-corretto.x86_64/jre/lib/rt.jar:/usr/lib/jvm/java-1.8.0-amazon-corretto.x86_64/jre/lib/sunrsasign.jar:/usr/lib/jvm/java-1.8.0-amazon-corretto.x86_64/jre/lib/jsse.jar:/usr/lib/jvm/java-1.8.0-amazon-corretto.x86_64/jre/lib/jce.jar:/usr/lib/jvm/java-1.8.0-amazon-corretto.x86_64/jre/lib/charsets.jar:/usr/lib/jvm/java-1.8.0-amazon-corretto.x86_64/jre/lib/jfr.jar:/usr/lib/jvm/java-1.8.0-amazon-corretto.x86_64/jre/classes"/>
    <property name="sun.management.compiler" value="HotSpot 64-Bit Tiered Compilers"/>
    <property name="java.runtime.version" value="1.8.0_265-b01"/>
    <property name="user.name" value="hadoop"/>
    <property name="path.separator" value=":"/>
    <property name="os.version" value="4.14.192-147.314.amzn2.x86_64"/>
    <property name="java.endorsed.dirs" value="/usr/lib/jvm/java-1.8.0-amazon-corretto.x86_64/jre/lib/endorsed"/>
    <property name="java.runtime.name" value="OpenJDK Runtime Environment"/>
    <property name="file.encoding" value="UTF-8"/>
    <property name="java.vm.name" value="OpenJDK 64-Bit Server VM"/>
    <property name="localRepository" value="/home/hadoop/.m2/repository"/>
    <property name="java.vendor.url.bug" value="https://github.com/corretto/corretto-8/issues/"/>
    <property name="java.io.tmpdir" value="/tmp"/>
    <property name="java.version" value="1.8.0_265"/>
    <property name="user.dir" value="/home/hadoop/ch-jdbc"/>
    <property name="os.arch" value="amd64"/>
    <property name="java.vm.specification.name" value="Java Virtual Machine Specification"/>
    <property name="java.awt.printerjob" value="sun.print.PSPrinterJob"/>
    <property name="sun.os.patch.level" value="unknown"/>
    <property name="java.library.path" value="/usr/java/packages/lib/amd64:/usr/lib64:/lib64:/lib:/usr/lib"/>
    <property name="java.vm.info" value="mixed mode"/>
    <property name="java.vendor" value="Amazon.com Inc."/>
    <property name="java.vm.version" value="25.265-b01"/>
    <property name="java.ext.dirs" value="/usr/lib/jvm/java-1.8.0-amazon-corretto.x86_64/jre/lib/ext:/usr/java/packages/lib/ext"/>
    <property name="sun.io.unicode.encoding" value="UnicodeLittle"/>
    <property name="java.class.version" value="52.0"/>
  </properties>
  <testcase name="shouldAnswerWithTrue" classname="com.lee.AppTest" time="0.002"/>
</testsuite>